2025-05-14 14:55:33,994 [INFO] Processing orders for centricity-test-store...
2025-05-14 14:55:33,995 [INFO] Fetching orders for centricity-test-store from 2025-05-14T16:55:33 to 2025-05-14T18:55:33.
2025-05-14 14:55:33,995 [INFO] Sending GET request to https://centricity-test-store.mybrightsites.com/api/v2.6.1/orders?token=FWKbE88iBEC7AQdYHU2o with params: {'created_at_from': '2025-05-14T16:55:33', 'created_at_to': '2025-05-14T18:55:33'}
2025-05-14 14:55:34,523 [INFO] Response from https://centricity-test-store.mybrightsites.com/api/v2.6.1/orders?token=FWKbE88iBEC7AQdYHU2o: 200 - {"orders":[{"created_at":"2025-05-14T18:36:25.000Z","updated_at":"2025-05-14T18:36:46.000Z","order_id":111,"shipping_method":"Flat Rate Custom","tracking":"N/A","status":"new","customer":"wmitchell@centricitynow.com"}],"meta":{"total":1,"offset":0,"limit":50}}
2025-05-14 14:55:34,524 [INFO] Processing order 111 with status 'new'...
2025-05-14 14:55:34,524 [INFO] Waiting for 2 hours before the next check...
2025-05-14 15:02:13,733 [INFO] Processing orders for centricity-test-store...
2025-05-14 15:02:13,735 [INFO] Fetching orders for centricity-test-store from 2025-05-14T17:02:13 to 2025-05-14T19:02:13.
2025-05-14 15:02:13,735 [INFO] Sending GET request to https://centricity-test-store.mybrightsites.com/api/v2.6.1/orders?token=FWKbE88iBEC7AQdYHU2o with params: {'created_at_from': '2025-05-14T17:02:13', 'created_at_to': '2025-05-14T19:02:13'}
2025-05-14 15:02:14,082 [INFO] Response from https://centricity-test-store.mybrightsites.com/api/v2.6.1/orders?token=FWKbE88iBEC7AQdYHU2o: 200 - {"orders":[{"created_at":"2025-05-14T18:36:25.000Z","updated_at":"2025-05-14T18:36:46.000Z","order_id":111,"shipping_method":"Flat Rate Custom","tracking":"N/A","status":"new","customer":"wmitchell@centricitynow.com"}],"meta":{"total":1,"offset":0,"limit":50}}
2025-05-14 15:02:14,083 [INFO] Processing order 111 with status 'new'...
2025-05-14 15:02:14,083 [INFO] Order 111 is in the last two hours.
2025-05-14 15:02:14,083 [INFO] Waiting for 2 hours before the next check...
2025-05-14 15:03:21,696 [INFO] Processing orders for centricity-test-store...
2025-05-14 15:03:21,697 [INFO] Fetching orders for centricity-test-store from 2025-05-14T17:03:21 to 2025-05-14T19:03:21.
2025-05-14 15:03:21,697 [INFO] Sending GET request to https://centricity-test-store.mybrightsites.com/api/v2.6.1/orders?token=FWKbE88iBEC7AQdYHU2o with params: {'created_at_from': '2025-05-14T17:03:21', 'created_at_to': '2025-05-14T19:03:21'}
2025-05-14 15:03:21,936 [INFO] Response from https://centricity-test-store.mybrightsites.com/api/v2.6.1/orders?token=FWKbE88iBEC7AQdYHU2o: 200 - {"orders":[{"created_at":"2025-05-14T18:36:25.000Z","updated_at":"2025-05-14T18:36:46.000Z","order_id":111,"shipping_method":"Flat Rate Custom","tracking":"N/A","status":"new","customer":"wmitchell@centricitynow.com"}],"meta":{"total":1,"offset":0,"limit":50}}
2025-05-14 15:03:21,936 [INFO] Processing order 111 with status 'new'...
2025-05-14 15:03:21,936 [INFO] Waiting for 2 hours before the next check...
2025-05-14 15:07:16,225 [INFO] Processing orders for centricity-test-store...
2025-05-14 15:07:16,226 [INFO] Fetching orders for centricity-test-store from 2025-05-14T17:07:16 to 2025-05-14T19:07:16.
2025-05-14 15:07:16,226 [INFO] Sending GET request to https://centricity-test-store.mybrightsites.com/api/v2.6.1/orders?token=FWKbE88iBEC7AQdYHU2o with params: {'created_at_from': '2025-05-14T17:07:16', 'created_at_to': '2025-05-14T19:07:16'}
2025-05-14 15:07:16,459 [INFO] Response from https://centricity-test-store.mybrightsites.com/api/v2.6.1/orders?token=FWKbE88iBEC7AQdYHU2o: 200 - {"orders":[{"created_at":"2025-05-14T18:36:25.000Z","updated_at":"2025-05-14T18:36:46.000Z","order_id":111,"shipping_method":"Flat Rate Custom","tracking":"N/A","status":"new","customer":"wmitchell@centricitynow.com"}],"meta":{"total":1,"offset":0,"limit":50}}
2025-05-14 15:07:16,459 [INFO] Processing order 111 with status 'new'...
2025-05-14 15:07:16,459 [INFO] Order 111 is older than two hours with new status.
2025-05-14 15:07:16,459 [INFO] Sending PUT request to https://centricity-test-store.mybrightsites.com/api/v2.6.1/orders/111?token=FWKbE88iBEC7AQdYHU2o with data: {'order': {'status': 'in progress'}}
2025-05-14 15:07:16,678 [INFO] Response from https://centricity-test-store.mybrightsites.com/api/v2.6.1/orders/111?token=FWKbE88iBEC7AQdYHU2o: 422 - {"errors":{"status":"Invalid parameter 'status' value \"in progress\": status must be one of new, billed, paid, in_progress, split, shipped, completed, back_ordered, canceled, moas_pending"}}
2025-05-14 15:07:16,679 [ERROR] Error updating order 111 on centricity-test-store: 422 Client Error: Unprocessable Entity for url: https://centricity-test-store.mybrightsites.com/api/v2.6.1/orders/111?token=FWKbE88iBEC7AQdYHU2o
2025-05-14 15:07:16,679 [INFO] Waiting for 2 hours before the next check...
2025-05-14 15:08:54,138 [INFO] Processing orders for centricity-test-store...
2025-05-14 15:08:54,139 [INFO] Fetching orders for centricity-test-store from 2025-05-14T17:08:54 to 2025-05-14T19:08:54.
2025-05-14 15:08:54,139 [INFO] Sending GET request to https://centricity-test-store.mybrightsites.com/api/v2.6.1/orders?token=FWKbE88iBEC7AQdYHU2o with params: {'created_at_from': '2025-05-14T17:08:54', 'created_at_to': '2025-05-14T19:08:54'}
2025-05-14 15:08:54,470 [INFO] Response from https://centricity-test-store.mybrightsites.com/api/v2.6.1/orders?token=FWKbE88iBEC7AQdYHU2o: 200 - {"orders":[{"created_at":"2025-05-14T18:36:25.000Z","updated_at":"2025-05-14T18:36:46.000Z","order_id":111,"shipping_method":"Flat Rate Custom","tracking":"N/A","status":"new","customer":"wmitchell@centricitynow.com"}],"meta":{"total":1,"offset":0,"limit":50}}
2025-05-14 15:08:54,470 [INFO] Processing order 111 with status 'new'...
2025-05-14 15:08:54,470 [INFO] Order 111 is older than two hours with new status.
2025-05-14 15:08:54,470 [INFO] Sending PUT request to https://centricity-test-store.mybrightsites.com/api/v2.6.1/orders/111?token=FWKbE88iBEC7AQdYHU2o with data: {'order': {'status': 'in_progress'}}
2025-05-14 15:08:54,710 [INFO] Response from https://centricity-test-store.mybrightsites.com/api/v2.6.1/orders/111?token=FWKbE88iBEC7AQdYHU2o: 422 - {"errors":{"status":["Order has not been approved, unable to change orders status"]}}
2025-05-14 15:08:54,710 [ERROR] Error updating order 111 on centricity-test-store: 422 Client Error: Unprocessable Entity for url: https://centricity-test-store.mybrightsites.com/api/v2.6.1/orders/111?token=FWKbE88iBEC7AQdYHU2o
2025-05-14 15:08:54,711 [INFO] Waiting for 2 hours before the next check...
2025-05-14 15:11:20,919 [INFO] Processing orders for centricity-test-store...
2025-05-14 15:11:20,920 [INFO] Fetching orders for centricity-test-store from 2025-05-14T17:11:20 to 2025-05-14T19:11:20.
2025-05-14 15:11:20,920 [INFO] Sending GET request to https://centricity-test-store.mybrightsites.com/api/v2.6.1/orders?token=FWKbE88iBEC7AQdYHU2o with params: {'created_at_from': '2025-05-14T17:11:20', 'created_at_to': '2025-05-14T19:11:20'}
2025-05-14 15:11:21,448 [INFO] Response from https://centricity-test-store.mybrightsites.com/api/v2.6.1/orders?token=FWKbE88iBEC7AQdYHU2o: 200 - {"orders":[{"created_at":"2025-05-14T19:11:05.000Z","updated_at":"2025-05-14T19:11:05.000Z","order_id":112,"shipping_method":"UPS Ground","tracking":"N/A","status":"new","customer":"wmitchell@centricitynow.com"},{"created_at":"2025-05-14T18:36:25.000Z","updated_at":"2025-05-14T18:36:46.000Z","order_id":111,"shipping_method":"Flat Rate Custom","tracking":"N/A","status":"new","customer":"wmitchell@centricitynow.com"}],"meta":{"total":2,"offset":0,"limit":50}}
2025-05-14 15:11:21,448 [INFO] Processing order 112 with status 'new'...
2025-05-14 15:11:21,448 [INFO] Order 112 is older than two hours with new status.
2025-05-14 15:11:21,449 [INFO] Sending PUT request to https://centricity-test-store.mybrightsites.com/api/v2.6.1/orders/112?token=FWKbE88iBEC7AQdYHU2o with data: {'order': {'status': 'in_progress'}}
2025-05-14 15:11:21,755 [INFO] Response from https://centricity-test-store.mybrightsites.com/api/v2.6.1/orders/112?token=FWKbE88iBEC7AQdYHU2o: 200 - {"order_id":112,"custom_data_collections":[],"customer_email":"wmitchell@centricitynow.com","customer_id":4273611,"username":"billymitchell","item_total":"1.0","grand_total":"114.17","required_adjustments":[{"amount":"113.17","modifier_type":"$","note":"shipment"}],"balance_adjustments":[],"payment":{"id":10728396,"authorization":null,"created_at":"2025-05-14T19:11:02.000Z","amount":"114.17","state":"completed","details":{"method":"Custom payment","custom method name":"Purchase Order","details":"TEST","amount":"$114.17"}},"status":"in_progress","date":"2025-05-14T19:11:05.000Z","shipping_contact":{"first_name":"William","last_name":"Mitchell","email":"nerva.corporation@gmail.com","phone":"4437658265"},"shipping_address":{"company":"","first_address":"415 Charter Oak Ave","second_address":"","city":"Baltimore","state":"Maryland","country":"United States","zip":"21212"},"billing_contact":{"first_name":"William","last_name":"Mitchell","email":"nerva.corporation@gmail.com","phone":"4437658265"},"billing_address":{"company":"","first_address":"415 Charter Oak Ave","second_address":"","city":"Baltimore","state":"Maryland","country":"United States","zip":"21212"},"shipment":{"tracking_number":null,"created_at":"2025-05-14T19:09:50.000Z","ship_date":null,"in_hands_date":null,"shipping_method":"UPS Ground","cost":"113.17"},"payments":[{"id":10728396,"authorization":null,"created_at":"2025-05-14T19:11:02.000Z","amount":"114.17","state":"completed","details":{"method":"Custom payment","custom method name":"Purchase Order","details":"TEST","amount":"$114.17"}}],"line_items":[{"id":35960613,"name":"LarLu","final_sku":"Test","quantity":1,"product_price":"1.0","options_price":"0.0","total_price":"1.0","tax_price":null,"unit_price":"1.0","pdf_status":"not_available","pdf_file_url":null,"product_id":1552657,"final_internal_id":null,"product_options":[],"logos":[],"product_personalizations":[],"split_items":[],"gift_certificate":null}],"coupons_adjustments":[],"custom_adjustments":[],"notes":[]}
2025-05-14 15:11:21,756 [INFO] Order 112 updated to 'in_progress' on centricity-test-store.
2025-05-14 15:11:21,756 [INFO] Processing order 111 with status 'new'...
2025-05-14 15:11:21,757 [INFO] Order 111 is older than two hours with new status.
2025-05-14 15:11:21,757 [INFO] Sending PUT request to https://centricity-test-store.mybrightsites.com/api/v2.6.1/orders/111?token=FWKbE88iBEC7AQdYHU2o with data: {'order': {'status': 'in_progress'}}
2025-05-14 15:11:21,997 [INFO] Response from https://centricity-test-store.mybrightsites.com/api/v2.6.1/orders/111?token=FWKbE88iBEC7AQdYHU2o: 422 - {"errors":{"status":["Order has not been approved, unable to change orders status"]}}
2025-05-14 15:11:21,997 [ERROR] Error updating order 111 on centricity-test-store: 422 Client Error: Unprocessable Entity for url: https://centricity-test-store.mybrightsites.com/api/v2.6.1/orders/111?token=FWKbE88iBEC7AQdYHU2o
2025-05-14 15:11:21,998 [INFO] Waiting for 2 hours before the next check...
2025-05-14 15:13:42,909 [INFO] Processing orders for centricity-test-store...
2025-05-14 15:13:42,910 [INFO] Fetching orders for centricity-test-store from 2025-05-14T17:13:42 to 2025-05-14T19:13:42.
2025-05-14 15:13:42,910 [INFO] Sending GET request to https://centricity-test-store.mybrightsites.com/api/v2.6.1/orders?token=FWKbE88iBEC7AQdYHU2o with params: {'created_at_from': '2025-05-14T17:13:42', 'created_at_to': '2025-05-14T19:13:42'}
2025-05-14 15:13:43,156 [INFO] Response from https://centricity-test-store.mybrightsites.com/api/v2.6.1/orders?token=FWKbE88iBEC7AQdYHU2o: 200 - {"orders":[{"created_at":"2025-05-14T19:11:05.000Z","updated_at":"2025-05-14T19:11:21.000Z","order_id":112,"shipping_method":"UPS Ground","tracking":"N/A","status":"in_progress","customer":"wmitchell@centricitynow.com"},{"created_at":"2025-05-14T18:36:25.000Z","updated_at":"2025-05-14T18:36:46.000Z","order_id":111,"shipping_method":"Flat Rate Custom","tracking":"N/A","status":"new","customer":"wmitchell@centricitynow.com"}],"meta":{"total":2,"offset":0,"limit":50}}
2025-05-14 15:13:43,156 [INFO] Processing order 112 with status 'in_progress'...
2025-05-14 15:13:43,156 [INFO] Processing order 111 with status 'new'...
2025-05-14 15:13:43,156 [INFO] Order 111 is older than two hours with new status.
2025-05-14 15:13:43,156 [INFO] Sending PUT request to https://centricity-test-store.mybrightsites.com/api/v2.6.1/orders/111?token=FWKbE88iBEC7AQdYHU2o with data: {'order': {'status': 'in_progress'}}
2025-05-14 15:13:43,511 [INFO] Response from https://centricity-test-store.mybrightsites.com/api/v2.6.1/orders/111?token=FWKbE88iBEC7AQdYHU2o: 422 - {"errors":{"status":["Order has not been approved, unable to change orders status"]}}
2025-05-14 15:13:43,511 [ERROR] Error updating order 111 on centricity-test-store: 422 Client Error: Unprocessable Entity for url: https://centricity-test-store.mybrightsites.com/api/v2.6.1/orders/111?token=FWKbE88iBEC7AQdYHU2o
2025-05-14 15:13:43,511 [INFO] Waiting for 2 hours before the next check...
2025-05-14 15:14:43,515 [INFO] Processing orders for centricity-test-store...
2025-05-14 15:14:43,516 [INFO] Fetching orders for centricity-test-store from 2025-05-14T17:14:43 to 2025-05-14T19:14:43.
2025-05-14 15:14:43,516 [INFO] Sending GET request to https://centricity-test-store.mybrightsites.com/api/v2.6.1/orders?token=FWKbE88iBEC7AQdYHU2o with params: {'created_at_from': '2025-05-14T17:14:43', 'created_at_to': '2025-05-14T19:14:43'}
2025-05-14 15:14:43,748 [INFO] Response from https://centricity-test-store.mybrightsites.com/api/v2.6.1/orders?token=FWKbE88iBEC7AQdYHU2o: 200 - {"orders":[{"created_at":"2025-05-14T19:11:05.000Z","updated_at":"2025-05-14T19:11:21.000Z","order_id":112,"shipping_method":"UPS Ground","tracking":"N/A","status":"in_progress","customer":"wmitchell@centricitynow.com"},{"created_at":"2025-05-14T18:36:25.000Z","updated_at":"2025-05-14T18:36:46.000Z","order_id":111,"shipping_method":"Flat Rate Custom","tracking":"N/A","status":"new","customer":"wmitchell@centricitynow.com"}],"meta":{"total":2,"offset":0,"limit":50}}
2025-05-14 15:14:43,748 [INFO] Processing order 112 with status 'in_progress'...
2025-05-14 15:14:43,748 [INFO] Processing order 111 with status 'new'...
2025-05-14 15:14:43,748 [INFO] Order 111 is older than two hours with new status.
2025-05-14 15:14:43,748 [INFO] Sending PUT request to https://centricity-test-store.mybrightsites.com/api/v2.6.1/orders/111?token=FWKbE88iBEC7AQdYHU2o with data: {'order': {'status': 'in_progress'}}
2025-05-14 15:14:43,971 [INFO] Response from https://centricity-test-store.mybrightsites.com/api/v2.6.1/orders/111?token=FWKbE88iBEC7AQdYHU2o: 422 - {"errors":{"status":["Order has not been approved, unable to change orders status"]}}
2025-05-14 15:14:43,971 [ERROR] Error updating order 111 on centricity-test-store: 422 Client Error: Unprocessable Entity for url: https://centricity-test-store.mybrightsites.com/api/v2.6.1/orders/111?token=FWKbE88iBEC7AQdYHU2o
2025-05-14 15:14:43,972 [INFO] Waiting for 2 hours before the next check...
2025-05-14 15:15:00,098 [INFO] Processing orders for centricity-test-store...
2025-05-14 15:15:00,099 [INFO] Fetching orders for centricity-test-store from 2025-05-14T17:15:00 to 2025-05-14T19:15:00.
2025-05-14 15:15:00,099 [INFO] Sending GET request to https://centricity-test-store.mybrightsites.com/api/v2.6.1/orders?token=FWKbE88iBEC7AQdYHU2o with params: {'created_at_from': '2025-05-14T17:15:00', 'created_at_to': '2025-05-14T19:15:00'}
2025-05-14 15:15:00,353 [INFO] Response from https://centricity-test-store.mybrightsites.com/api/v2.6.1/orders?token=FWKbE88iBEC7AQdYHU2o: 200 - {"orders":[{"created_at":"2025-05-14T19:11:05.000Z","updated_at":"2025-05-14T19:11:21.000Z","order_id":112,"shipping_method":"UPS Ground","tracking":"N/A","status":"in_progress","customer":"wmitchell@centricitynow.com"},{"created_at":"2025-05-14T18:36:25.000Z","updated_at":"2025-05-14T18:36:46.000Z","order_id":111,"shipping_method":"Flat Rate Custom","tracking":"N/A","status":"new","customer":"wmitchell@centricitynow.com"}],"meta":{"total":2,"offset":0,"limit":50}}
2025-05-14 15:15:00,353 [INFO] Processing order 112 with status 'in_progress'...
2025-05-14 15:15:00,353 [INFO] Processing order 111 with status 'new'...
2025-05-14 15:15:00,353 [INFO] Order 111 is older than two hours with new status.
2025-05-14 15:15:00,354 [INFO] Sending PUT request to https://centricity-test-store.mybrightsites.com/api/v2.6.1/orders/111?token=FWKbE88iBEC7AQdYHU2o with data: {'order': {'status': 'in_progress'}}
2025-05-14 15:15:00,568 [INFO] Response from https://centricity-test-store.mybrightsites.com/api/v2.6.1/orders/111?token=FWKbE88iBEC7AQdYHU2o: 422 - {"errors":{"status":["Order has not been approved, unable to change orders status"]}}
2025-05-14 15:15:00,568 [ERROR] Error updating order 111 on centricity-test-store: 422 Client Error: Unprocessable Entity for url: https://centricity-test-store.mybrightsites.com/api/v2.6.1/orders/111?token=FWKbE88iBEC7AQdYHU2o
2025-05-14 15:15:00,569 [INFO] Waiting for {CHECK_INTERVAL} seconds before the next check...
2025-05-14 15:16:00,574 [INFO] Processing orders for centricity-test-store...
2025-05-14 15:16:00,575 [INFO] Fetching orders for centricity-test-store from 2025-05-14T17:16:00 to 2025-05-14T19:16:00.
2025-05-14 15:16:00,575 [INFO] Sending GET request to https://centricity-test-store.mybrightsites.com/api/v2.6.1/orders?token=FWKbE88iBEC7AQdYHU2o with params: {'created_at_from': '2025-05-14T17:16:00', 'created_at_to': '2025-05-14T19:16:00'}
2025-05-14 15:16:00,878 [INFO] Response from https://centricity-test-store.mybrightsites.com/api/v2.6.1/orders?token=FWKbE88iBEC7AQdYHU2o: 200 - {"orders":[{"created_at":"2025-05-14T19:11:05.000Z","updated_at":"2025-05-14T19:11:21.000Z","order_id":112,"shipping_method":"UPS Ground","tracking":"N/A","status":"in_progress","customer":"wmitchell@centricitynow.com"},{"created_at":"2025-05-14T18:36:25.000Z","updated_at":"2025-05-14T18:36:46.000Z","order_id":111,"shipping_method":"Flat Rate Custom","tracking":"N/A","status":"new","customer":"wmitchell@centricitynow.com"}],"meta":{"total":2,"offset":0,"limit":50}}
2025-05-14 15:16:00,879 [INFO] Processing order 112 with status 'in_progress'...
2025-05-14 15:16:00,879 [INFO] Processing order 111 with status 'new'...
2025-05-14 15:16:00,879 [INFO] Order 111 is older than two hours with new status.
2025-05-14 15:16:00,879 [INFO] Sending PUT request to https://centricity-test-store.mybrightsites.com/api/v2.6.1/orders/111?token=FWKbE88iBEC7AQdYHU2o with data: {'order': {'status': 'in_progress'}}
2025-05-14 15:16:01,117 [INFO] Response from https://centricity-test-store.mybrightsites.com/api/v2.6.1/orders/111?token=FWKbE88iBEC7AQdYHU2o: 422 - {"errors":{"status":["Order has not been approved, unable to change orders status"]}}
2025-05-14 15:16:01,118 [ERROR] Error updating order 111 on centricity-test-store: 422 Client Error: Unprocessable Entity for url: https://centricity-test-store.mybrightsites.com/api/v2.6.1/orders/111?token=FWKbE88iBEC7AQdYHU2o
2025-05-14 15:16:01,118 [INFO] Waiting for {CHECK_INTERVAL} seconds before the next check...
2025-05-14 15:16:30,141 [INFO] Processing orders for centricity-test-store...
2025-05-14 15:16:30,142 [INFO] Fetching orders for centricity-test-store from 2025-05-14T17:16:30 to 2025-05-14T19:16:30.
2025-05-14 15:16:30,142 [INFO] Sending GET request to https://centricity-test-store.mybrightsites.com/api/v2.6.1/orders?token=FWKbE88iBEC7AQdYHU2o with params: {'created_at_from': '2025-05-14T17:16:30', 'created_at_to': '2025-05-14T19:16:30'}
2025-05-14 15:16:30,377 [INFO] Response from https://centricity-test-store.mybrightsites.com/api/v2.6.1/orders?token=FWKbE88iBEC7AQdYHU2o: 200 - {"orders":[{"created_at":"2025-05-14T19:11:05.000Z","updated_at":"2025-05-14T19:11:21.000Z","order_id":112,"shipping_method":"UPS Ground","tracking":"N/A","status":"in_progress","customer":"wmitchell@centricitynow.com"},{"created_at":"2025-05-14T18:36:25.000Z","updated_at":"2025-05-14T18:36:46.000Z","order_id":111,"shipping_method":"Flat Rate Custom","tracking":"N/A","status":"new","customer":"wmitchell@centricitynow.com"}],"meta":{"total":2,"offset":0,"limit":50}}
2025-05-14 15:16:30,377 [INFO] Processing order 112 with status 'in_progress'...
2025-05-14 15:16:30,377 [INFO] Processing order 111 with status 'new'...
2025-05-14 15:16:30,378 [INFO] Order 111 is older than two hours with new status.
2025-05-14 15:16:30,378 [INFO] Sending PUT request to https://centricity-test-store.mybrightsites.com/api/v2.6.1/orders/111?token=FWKbE88iBEC7AQdYHU2o with data: {'order': {'status': 'in_progress'}}
2025-05-14 15:16:30,614 [INFO] Response from https://centricity-test-store.mybrightsites.com/api/v2.6.1/orders/111?token=FWKbE88iBEC7AQdYHU2o: 422 - {"errors":{"status":["Order has not been approved, unable to change orders status"]}}
2025-05-14 15:16:30,614 [ERROR] Error updating order 111 on centricity-test-store: 422 Client Error: Unprocessable Entity for url: https://centricity-test-store.mybrightsites.com/api/v2.6.1/orders/111?token=FWKbE88iBEC7AQdYHU2o
2025-05-14 15:16:30,615 [INFO] Waiting for 60 seconds before the next check...
2025-05-14 15:17:30,619 [INFO] Processing orders for centricity-test-store...
2025-05-14 15:17:30,620 [INFO] Fetching orders for centricity-test-store from 2025-05-14T17:17:30 to 2025-05-14T19:17:30.
2025-05-14 15:17:30,620 [INFO] Sending GET request to https://centricity-test-store.mybrightsites.com/api/v2.6.1/orders?token=FWKbE88iBEC7AQdYHU2o with params: {'created_at_from': '2025-05-14T17:17:30', 'created_at_to': '2025-05-14T19:17:30'}
2025-05-14 15:17:30,842 [INFO] Response from https://centricity-test-store.mybrightsites.com/api/v2.6.1/orders?token=FWKbE88iBEC7AQdYHU2o: 200 - {"orders":[{"created_at":"2025-05-14T19:11:05.000Z","updated_at":"2025-05-14T19:11:21.000Z","order_id":112,"shipping_method":"UPS Ground","tracking":"N/A","status":"in_progress","customer":"wmitchell@centricitynow.com"},{"created_at":"2025-05-14T18:36:25.000Z","updated_at":"2025-05-14T18:36:46.000Z","order_id":111,"shipping_method":"Flat Rate Custom","tracking":"N/A","status":"new","customer":"wmitchell@centricitynow.com"}],"meta":{"total":2,"offset":0,"limit":50}}
2025-05-14 15:17:30,842 [INFO] Processing order 112 with status 'in_progress'...
2025-05-14 15:17:30,843 [INFO] Processing order 111 with status 'new'...
2025-05-14 15:17:30,843 [INFO] Order 111 is older than two hours with new status.
2025-05-14 15:17:30,843 [INFO] Sending PUT request to https://centricity-test-store.mybrightsites.com/api/v2.6.1/orders/111?token=FWKbE88iBEC7AQdYHU2o with data: {'order': {'status': 'in_progress'}}
2025-05-14 15:17:31,056 [INFO] Response from https://centricity-test-store.mybrightsites.com/api/v2.6.1/orders/111?token=FWKbE88iBEC7AQdYHU2o: 422 - {"errors":{"status":["Order has not been approved, unable to change orders status"]}}
2025-05-14 15:17:31,057 [ERROR] Error updating order 111 on centricity-test-store: 422 Client Error: Unprocessable Entity for url: https://centricity-test-store.mybrightsites.com/api/v2.6.1/orders/111?token=FWKbE88iBEC7AQdYHU2o
2025-05-14 15:17:31,057 [INFO] Waiting for 60 seconds before the next check...
